<?xml version="1.0" encoding="UTF-8"?>
<!-- Generated by org.testng.reporters.JUnitXMLReporter -->
<testsuite ignored="1" hostname="sippy" failures="0" tests="1" name="Test" time="19.266" errors="0" timestamp="2023-06-19T10:16:20 IST">
  <testcase classname="testCases.TC01_AutomationTestcase_HomePage" name="test_accountRegistration" time="9.965"/>
  <testcase classname="testCases.TC02_AutomationTestcase_LoginPage" name="test_accountLogin" time="0.0">
    <ignored/>
  </testcase> <!-- test_accountLogin -->
</testsuite> <!-- Test -->
