<?xml version="1.0" encoding="UTF-8"?>
<testng-results ignored="1" total="2" passed="1" failed="0" skipped="0">
  <reporter-output>
  </reporter-output>
  <suite started-at="2023-06-19T10:16:01 IST" name="Suite" finished-at="2023-06-19T10:16:20 IST" duration-ms="19266">
    <groups>
      <group name="Regression">
        <method signature="TC01_AutomationTestcase_HomePage.test_accountRegistration()[pri:0, instance:testCases.TC01_AutomationTestcase_HomePage@3a7442c7]" name="test_accountRegistration" class="testCases.TC01_AutomationTestcase_HomePage"/>
      </group> <!-- Regression -->
      <group name="Smoke">
        <method signature="TC01_AutomationTestcase_HomePage.test_accountRegistration()[pri:0, instance:testCases.TC01_AutomationTestcase_HomePage@3a7442c7]" name="test_accountRegistration" class="testCases.TC01_AutomationTestcase_HomePage"/>
      </group> <!-- Smoke -->
    </groups>
    <test started-at="2023-06-19T10:16:01 IST" name="Test" finished-at="2023-06-19T10:16:20 IST" duration-ms="19266">
      <class name="testCases.TC01_AutomationTestcase_HomePage">
        <test-method is-config="true" signature="setup(java.lang.String)[pri:0, instance:testCases.TC01_AutomationTestcase_HomePage@3a7442c7]" started-at="2023-06-19T10:16:01 IST" name="setup" finished-at="2023-06-19T10:16:10 IST" duration-ms="8722" status="PASS">
          <params>
            <param index="0">
              <value>
                <![CDATA[edge]]>
              </value>
            </param>
          </params>
          <reporter-output>
          </reporter-output>
        </test-method> <!-- setup -->
        <test-method signature="test_accountRegistration()[pri:0, instance:testCases.TC01_AutomationTestcase_HomePage@3a7442c7]" started-at="2023-06-19T10:16:10 IST" name="test_accountRegistration" finished-at="2023-06-19T10:16:20 IST" duration-ms="9965" status="PASS">
          <reporter-output>
          </reporter-output>
        </test-method> <!-- test_accountRegistration -->
        <test-method is-config="true" signature="teardown()[pri:0, instance:testCases.TC01_AutomationTestcase_HomePage@3a7442c7]" started-at="2023-06-19T10:16:20 IST" name="teardown" finished-at="2023-06-19T10:16:20 IST" duration-ms="1" status="PASS">
          <reporter-output>
          </reporter-output>
        </test-method> <!-- teardown -->
      </class> <!-- testCases.TC01_AutomationTestcase_HomePage -->
    </test> <!-- Test -->
  </suite> <!-- Suite -->
</testng-results>
